CRITICAL - 2023-08-11 17:52:39 --> Undefined variable $cabecera
in APPPATH\Views\libros\editar.php on line 1.
 1 APPPATH\Views\libros\editar.php(1): CodeIgniter\Debug\Exceptions->errorHandler(2, 'Undefined variable $cabecera', 'C:\\wamp64\\www\\biblioteca\\app\\Views\\libros\\editar.php', 1)
 2 SYSTEMPATH\View\View.php(224): include('C:\\wamp64\\www\\biblioteca\\app\\Views\\libros\\editar.php')
 3 SYSTEMPATH\View\View.php(227): CodeIgniter\View\View->CodeIgniter\View\{closure}()
 4 SYSTEMPATH\Common.php(1176): CodeIgniter\View\View->render('libros/editar', [], true)
 5 APPPATH\Controllers\Home.php(9): view('libros/editar')
 6 SYSTEMPATH\CodeIgniter.php(932): App\Controllers\Home->index()
 7 SYSTEMPATH\CodeIgniter.php(497): CodeIgniter\CodeIgniter->runController(Object(App\Controllers\Home))
 8 SYSTEMPATH\CodeIgniter.php(366): CodeIgniter\CodeIgniter->handleRequest(null, Object(Config\Cache), false)
 9 FCPATH\index.php(67): CodeIgniter\CodeIgniter->run()
CRITICAL - 2023-08-11 17:53:02 --> Undefined variable $cabecera
in APPPATH\Views\libros\listar.php on line 1.
 1 APPPATH\Views\libros\listar.php(1): CodeIgniter\Debug\Exceptions->errorHandler(2, 'Undefined variable $cabecera', 'C:\\wamp64\\www\\biblioteca\\app\\Views\\libros\\listar.php', 1)
 2 SYSTEMPATH\View\View.php(224): include('C:\\wamp64\\www\\biblioteca\\app\\Views\\libros\\listar.php')
 3 SYSTEMPATH\View\View.php(227): CodeIgniter\View\View->CodeIgniter\View\{closure}()
 4 SYSTEMPATH\Common.php(1176): CodeIgniter\View\View->render('libros/listar', [], true)
 5 APPPATH\Controllers\Home.php(9): view('libros/listar')
 6 SYSTEMPATH\CodeIgniter.php(932): App\Controllers\Home->index()
 7 SYSTEMPATH\CodeIgniter.php(497): CodeIgniter\CodeIgniter->runController(Object(App\Controllers\Home))
 8 SYSTEMPATH\CodeIgniter.php(366): CodeIgniter\CodeIgniter->handleRequest(null, Object(Config\Cache), false)
 9 FCPATH\index.php(67): CodeIgniter\CodeIgniter->run()
CRITICAL - 2023-08-11 17:53:37 --> Undefined variable $cabecera
in APPPATH\Views\libros\listar.php on line 1.
 1 APPPATH\Views\libros\listar.php(1): CodeIgniter\Debug\Exceptions->errorHandler(2, 'Undefined variable $cabecera', 'C:\\wamp64\\www\\biblioteca\\app\\Views\\libros\\listar.php', 1)
 2 SYSTEMPATH\View\View.php(224): include('C:\\wamp64\\www\\biblioteca\\app\\Views\\libros\\listar.php')
 3 SYSTEMPATH\View\View.php(227): CodeIgniter\View\View->CodeIgniter\View\{closure}()
 4 SYSTEMPATH\Common.php(1176): CodeIgniter\View\View->render('libros/listar', [], true)
 5 APPPATH\Controllers\Home.php(9): view('libros/listar')
 6 SYSTEMPATH\CodeIgniter.php(932): App\Controllers\Home->index()
 7 SYSTEMPATH\CodeIgniter.php(497): CodeIgniter\CodeIgniter->runController(Object(App\Controllers\Home))
 8 SYSTEMPATH\CodeIgniter.php(366): CodeIgniter\CodeIgniter->handleRequest(null, Object(Config\Cache), false)
 9 FCPATH\index.php(67): CodeIgniter\CodeIgniter->run()
CRITICAL - 2023-08-11 17:54:02 --> Undefined variable $cabecera
in APPPATH\Views\libros\listar.php on line 1.
 1 APPPATH\Views\libros\listar.php(1): CodeIgniter\Debug\Exceptions->errorHandler(2, 'Undefined variable $cabecera', 'C:\\wamp64\\www\\biblioteca\\app\\Views\\libros\\listar.php', 1)
 2 SYSTEMPATH\View\View.php(224): include('C:\\wamp64\\www\\biblioteca\\app\\Views\\libros\\listar.php')
 3 SYSTEMPATH\View\View.php(227): CodeIgniter\View\View->CodeIgniter\View\{closure}()
 4 SYSTEMPATH\Common.php(1176): CodeIgniter\View\View->render('libros/listar', [], true)
 5 APPPATH\Controllers\Home.php(9): view('libros/listar')
 6 SYSTEMPATH\CodeIgniter.php(932): App\Controllers\Home->index()
 7 SYSTEMPATH\CodeIgniter.php(497): CodeIgniter\CodeIgniter->runController(Object(App\Controllers\Home))
 8 SYSTEMPATH\CodeIgniter.php(366): CodeIgniter\CodeIgniter->handleRequest(null, Object(Config\Cache), false)
 9 FCPATH\index.php(67): CodeIgniter\CodeIgniter->run()
CRITICAL - 2023-08-11 17:54:57 --> Undefined variable $cabecera
in APPPATH\Views\libros\listar.php on line 1.
 1 APPPATH\Views\libros\listar.php(1): CodeIgniter\Debug\Exceptions->errorHandler(2, 'Undefined variable $cabecera', 'C:\\wamp64\\www\\biblioteca\\app\\Views\\libros\\listar.php', 1)
 2 SYSTEMPATH\View\View.php(224): include('C:\\wamp64\\www\\biblioteca\\app\\Views\\libros\\listar.php')
 3 SYSTEMPATH\View\View.php(227): CodeIgniter\View\View->CodeIgniter\View\{closure}()
 4 SYSTEMPATH\Common.php(1176): CodeIgniter\View\View->render('libros/listar', [], true)
 5 APPPATH\Controllers\Home.php(9): view('libros/listar')
 6 SYSTEMPATH\CodeIgniter.php(932): App\Controllers\Home->index()
 7 SYSTEMPATH\CodeIgniter.php(497): CodeIgniter\CodeIgniter->runController(Object(App\Controllers\Home))
 8 SYSTEMPATH\CodeIgniter.php(366): CodeIgniter\CodeIgniter->handleRequest(null, Object(Config\Cache), false)
 9 FCPATH\index.php(67): CodeIgniter\CodeIgniter->run()
CRITICAL - 2023-08-11 17:55:50 --> Undefined variable $cabecera
in APPPATH\Views\libros\listar.php on line 1.
 1 APPPATH\Views\libros\listar.php(1): CodeIgniter\Debug\Exceptions->errorHandler(2, 'Undefined variable $cabecera', 'C:\\wamp64\\www\\biblioteca\\app\\Views\\libros\\listar.php', 1)
 2 SYSTEMPATH\View\View.php(224): include('C:\\wamp64\\www\\biblioteca\\app\\Views\\libros\\listar.php')
 3 SYSTEMPATH\View\View.php(227): CodeIgniter\View\View->CodeIgniter\View\{closure}()
 4 SYSTEMPATH\Common.php(1176): CodeIgniter\View\View->render('libros/listar', [], true)
 5 APPPATH\Controllers\Home.php(9): view('libros/listar')
 6 SYSTEMPATH\CodeIgniter.php(932): App\Controllers\Home->index()
 7 SYSTEMPATH\CodeIgniter.php(497): CodeIgniter\CodeIgniter->runController(Object(App\Controllers\Home))
 8 SYSTEMPATH\CodeIgniter.php(366): CodeIgniter\CodeIgniter->handleRequest(null, Object(Config\Cache), false)
 9 FCPATH\index.php(67): CodeIgniter\CodeIgniter->run()
CRITICAL - 2023-08-11 17:56:24 --> Undefined variable $cabecera
in APPPATH\Views\libros\listar.php on line 1.
 1 APPPATH\Views\libros\listar.php(1): CodeIgniter\Debug\Exceptions->errorHandler(2, 'Undefined variable $cabecera', 'C:\\wamp64\\www\\biblioteca\\app\\Views\\libros\\listar.php', 1)
 2 SYSTEMPATH\View\View.php(224): include('C:\\wamp64\\www\\biblioteca\\app\\Views\\libros\\listar.php')
 3 SYSTEMPATH\View\View.php(227): CodeIgniter\View\View->CodeIgniter\View\{closure}()
 4 SYSTEMPATH\Common.php(1176): CodeIgniter\View\View->render('libros/listar', [], true)
 5 APPPATH\Controllers\Home.php(9): view('libros/listar')
 6 SYSTEMPATH\CodeIgniter.php(932): App\Controllers\Home->index()
 7 SYSTEMPATH\CodeIgniter.php(497): CodeIgniter\CodeIgniter->runController(Object(App\Controllers\Home))
 8 SYSTEMPATH\CodeIgniter.php(366): CodeIgniter\CodeIgniter->handleRequest(null, Object(Config\Cache), false)
 9 FCPATH\index.php(67): CodeIgniter\CodeIgniter->run()
CRITICAL - 2023-08-11 17:56:41 --> Undefined variable $cabecera
in APPPATH\Views\libros\listar.php on line 1.
 1 APPPATH\Views\libros\listar.php(1): CodeIgniter\Debug\Exceptions->errorHandler(2, 'Undefined variable $cabecera', 'C:\\wamp64\\www\\biblioteca\\app\\Views\\libros\\listar.php', 1)
 2 SYSTEMPATH\View\View.php(224): include('C:\\wamp64\\www\\biblioteca\\app\\Views\\libros\\listar.php')
 3 SYSTEMPATH\View\View.php(227): CodeIgniter\View\View->CodeIgniter\View\{closure}()
 4 SYSTEMPATH\Common.php(1176): CodeIgniter\View\View->render('libros/listar', [], true)
 5 APPPATH\Controllers\Home.php(9): view('libros/listar')
 6 SYSTEMPATH\CodeIgniter.php(932): App\Controllers\Home->index()
 7 SYSTEMPATH\CodeIgniter.php(497): CodeIgniter\CodeIgniter->runController(Object(App\Controllers\Home))
 8 SYSTEMPATH\CodeIgniter.php(366): CodeIgniter\CodeIgniter->handleRequest(null, Object(Config\Cache), false)
 9 FCPATH\index.php(67): CodeIgniter\CodeIgniter->run()
CRITICAL - 2023-08-11 17:57:40 --> Undefined variable $libros
in APPPATH\Views\libros\listar.php on line 14.
 1 APPPATH\Views\libros\listar.php(14): CodeIgniter\Debug\Exceptions->errorHandler(2, 'Undefined variable $libros', 'C:\\wamp64\\www\\biblioteca\\app\\Views\\libros\\listar.php', 14)
 2 SYSTEMPATH\View\View.php(224): include('C:\\wamp64\\www\\biblioteca\\app\\Views\\libros\\listar.php')
 3 SYSTEMPATH\View\View.php(227): CodeIgniter\View\View->CodeIgniter\View\{closure}()
 4 SYSTEMPATH\Common.php(1176): CodeIgniter\View\View->render('libros/listar', [], true)
 5 APPPATH\Controllers\Home.php(9): view('libros/listar')
 6 SYSTEMPATH\CodeIgniter.php(932): App\Controllers\Home->index()
 7 SYSTEMPATH\CodeIgniter.php(497): CodeIgniter\CodeIgniter->runController(Object(App\Controllers\Home))
 8 SYSTEMPATH\CodeIgniter.php(366): CodeIgniter\CodeIgniter->handleRequest(null, Object(Config\Cache), false)
 9 FCPATH\index.php(67): CodeIgniter\CodeIgniter->run()
CRITICAL - 2023-08-11 17:58:15 --> Undefined variable $libros
in APPPATH\Views\libros\listar.php on line 14.
 1 APPPATH\Views\libros\listar.php(14): CodeIgniter\Debug\Exceptions->errorHandler(2, 'Undefined variable $libros', 'C:\\wamp64\\www\\biblioteca\\app\\Views\\libros\\listar.php', 14)
 2 SYSTEMPATH\View\View.php(224): include('C:\\wamp64\\www\\biblioteca\\app\\Views\\libros\\listar.php')
 3 SYSTEMPATH\View\View.php(227): CodeIgniter\View\View->CodeIgniter\View\{closure}()
 4 SYSTEMPATH\Common.php(1176): CodeIgniter\View\View->render('libros/listar', [], true)
 5 APPPATH\Controllers\Home.php(9): view('libros/listar')
 6 SYSTEMPATH\CodeIgniter.php(932): App\Controllers\Home->index()
 7 SYSTEMPATH\CodeIgniter.php(497): CodeIgniter\CodeIgniter->runController(Object(App\Controllers\Home))
 8 SYSTEMPATH\CodeIgniter.php(366): CodeIgniter\CodeIgniter->handleRequest(null, Object(Config\Cache), false)
 9 FCPATH\index.php(67): CodeIgniter\CodeIgniter->run()
CRITICAL - 2023-08-11 17:59:01 --> Invalid file: "listar.php"
in SYSTEMPATH\Exceptions\FrameworkException.php on line 33.
 1 SYSTEMPATH\View\View.php(212): CodeIgniter\Exceptions\FrameworkException::forInvalidFile('listar.php')
 2 SYSTEMPATH\Common.php(1176): CodeIgniter\View\View->render('listar', [], true)
 3 APPPATH\Controllers\Home.php(9): view('listar')
 4 SYSTEMPATH\CodeIgniter.php(932): App\Controllers\Home->index()
 5 SYSTEMPATH\CodeIgniter.php(497): CodeIgniter\CodeIgniter->runController(Object(App\Controllers\Home))
 6 SYSTEMPATH\CodeIgniter.php(366): CodeIgniter\CodeIgniter->handleRequest(null, Object(Config\Cache), false)
 7 FCPATH\index.php(67): CodeIgniter\CodeIgniter->run()
CRITICAL - 2023-08-11 17:59:04 --> Invalid file: "listar.php"
in SYSTEMPATH\Exceptions\FrameworkException.php on line 33.
 1 SYSTEMPATH\View\View.php(212): CodeIgniter\Exceptions\FrameworkException::forInvalidFile('listar.php')
 2 SYSTEMPATH\Common.php(1176): CodeIgniter\View\View->render('listar', [], true)
 3 APPPATH\Controllers\Home.php(9): view('listar')
 4 SYSTEMPATH\CodeIgniter.php(932): App\Controllers\Home->index()
 5 SYSTEMPATH\CodeIgniter.php(497): CodeIgniter\CodeIgniter->runController(Object(App\Controllers\Home))
 6 SYSTEMPATH\CodeIgniter.php(366): CodeIgniter\CodeIgniter->handleRequest(null, Object(Config\Cache), false)
 7 FCPATH\index.php(67): CodeIgniter\CodeIgniter->run()
CRITICAL - 2023-08-11 17:59:12 --> Undefined variable $cabecera
in APPPATH\Views\libros\listar.php on line 1.
 1 APPPATH\Views\libros\listar.php(1): CodeIgniter\Debug\Exceptions->errorHandler(2, 'Undefined variable $cabecera', 'C:\\wamp64\\www\\biblioteca\\app\\Views\\libros\\listar.php', 1)
 2 SYSTEMPATH\View\View.php(224): include('C:\\wamp64\\www\\biblioteca\\app\\Views\\libros\\listar.php')
 3 SYSTEMPATH\View\View.php(227): CodeIgniter\View\View->CodeIgniter\View\{closure}()
 4 SYSTEMPATH\Common.php(1176): CodeIgniter\View\View->render('/libros/listar', [], true)
 5 APPPATH\Controllers\Home.php(9): view('/libros/listar')
 6 SYSTEMPATH\CodeIgniter.php(932): App\Controllers\Home->index()
 7 SYSTEMPATH\CodeIgniter.php(497): CodeIgniter\CodeIgniter->runController(Object(App\Controllers\Home))
 8 SYSTEMPATH\CodeIgniter.php(366): CodeIgniter\CodeIgniter->handleRequest(null, Object(Config\Cache), false)
 9 FCPATH\index.php(67): CodeIgniter\CodeIgniter->run()
CRITICAL - 2023-08-11 17:59:20 --> Undefined variable $cabecera
in APPPATH\Views\libros\crear.php on line 1.
 1 APPPATH\Views\libros\crear.php(1): CodeIgniter\Debug\Exceptions->errorHandler(2, 'Undefined variable $cabecera', 'C:\\wamp64\\www\\biblioteca\\app\\Views\\libros\\crear.php', 1)
 2 SYSTEMPATH\View\View.php(224): include('C:\\wamp64\\www\\biblioteca\\app\\Views\\libros\\crear.php')
 3 SYSTEMPATH\View\View.php(227): CodeIgniter\View\View->CodeIgniter\View\{closure}()
 4 SYSTEMPATH\Common.php(1176): CodeIgniter\View\View->render('/libros/crear', [], true)
 5 APPPATH\Controllers\Home.php(9): view('/libros/crear')
 6 SYSTEMPATH\CodeIgniter.php(932): App\Controllers\Home->index()
 7 SYSTEMPATH\CodeIgniter.php(497): CodeIgniter\CodeIgniter->runController(Object(App\Controllers\Home))
 8 SYSTEMPATH\CodeIgniter.php(366): CodeIgniter\CodeIgniter->handleRequest(null, Object(Config\Cache), false)
 9 FCPATH\index.php(67): CodeIgniter\CodeIgniter->run()
CRITICAL - 2023-08-11 18:00:16 --> Undefined variable $libros
in APPPATH\Views\libros\listar.php on line 14.
 1 APPPATH\Views\libros\listar.php(14): CodeIgniter\Debug\Exceptions->errorHandler(2, 'Undefined variable $libros', 'C:\\wamp64\\www\\biblioteca\\app\\Views\\libros\\listar.php', 14)
 2 SYSTEMPATH\View\View.php(224): include('C:\\wamp64\\www\\biblioteca\\app\\Views\\libros\\listar.php')
 3 SYSTEMPATH\View\View.php(227): CodeIgniter\View\View->CodeIgniter\View\{closure}()
 4 SYSTEMPATH\Common.php(1176): CodeIgniter\View\View->render('/libros/listar', [], true)
 5 APPPATH\Controllers\Home.php(12): view('/libros/listar', [...])
 6 SYSTEMPATH\CodeIgniter.php(932): App\Controllers\Home->index()
 7 SYSTEMPATH\CodeIgniter.php(497): CodeIgniter\CodeIgniter->runController(Object(App\Controllers\Home))
 8 SYSTEMPATH\CodeIgniter.php(366): CodeIgniter\CodeIgniter->handleRequest(null, Object(Config\Cache), false)
 9 FCPATH\index.php(67): CodeIgniter\CodeIgniter->run()
